TN:
SF:src/pe-101-20-04.ts
FN:9,(anonymous_0)
FN:16,(anonymous_1)
FN:29,(anonymous_2)
FN:31,(anonymous_3)
FN:45,(anonymous_4)
FN:53,(anonymous_5)
FN:66,(anonymous_6)
FN:73,(anonymous_7)
FN:75,(anonymous_8)
FN:88,(anonymous_9)
FN:95,(anonymous_10)
FN:97,(anonymous_11)
FN:110,(anonymous_12)
FN:117,(anonymous_13)
FN:119,(anonymous_14)
FN:132,(anonymous_15)
FN:139,(anonymous_16)
FN:141,(anonymous_17)
FNF:18
FNH:18
FNDA:4,(anonymous_0)
FNDA:4,(anonymous_1)
FNDA:4,(anonymous_2)
FNDA:11,(anonymous_3)
FNDA:4,(anonymous_4)
FNDA:4,(anonymous_5)
FNDA:1,(anonymous_6)
FNDA:1,(anonymous_7)
FNDA:3,(anonymous_8)
FNDA:1,(anonymous_9)
FNDA:1,(anonymous_10)
FNDA:3,(anonymous_11)
FNDA:1,(anonymous_12)
FNDA:1,(anonymous_13)
FNDA:3,(anonymous_14)
FNDA:1,(anonymous_15)
FNDA:1,(anonymous_16)
FNDA:2,(anonymous_17)
DA:4,1
DA:9,4
DA:17,4
DA:18,4
DA:19,4
DA:20,4
DA:21,4
DA:30,4
DA:31,11
DA:32,4
DA:46,4
DA:54,4
DA:61,1
DA:66,1
DA:74,1
DA:75,3
DA:76,1
DA:83,1
DA:88,1
DA:96,1
DA:97,3
DA:98,1
DA:105,1
DA:110,1
DA:118,1
DA:119,3
DA:120,1
DA:127,1
DA:132,1
DA:140,1
DA:141,2
DA:142,1
LF:32
LH:32
BRF:0
BRH:0
end_of_record
TN:
SF:src/test-program.ts
FN:1,prueba
FNF:1
FNH:1
FNDA:1,prueba
DA:1,1
DA:2,1
LF:2
LH:2
BRF:0
BRH:0
end_of_record
